
Showing logs for build [32mcb-kubecd-environment-pr-209-41-vl7qx-1[0m stage [32mfrom-build-pack[0m and container [32mstep-credential-initializer-hs2xx[0m
{"level":"info","ts":1587812747.9750226,"logger":"fallback-logger","caller":"logging/config.go:69","msg":"Fetch GitHub commit ID from kodata failed: open /var/run/ko/refs/heads/0.8.0-ns-support: no such file or directory"}
{"level":"info","ts":1587812747.9756074,"logger":"fallback-logger","caller":"creds-init/main.go:40","msg":"Credentials initialized."}

Showing logs for build [32mcb-kubecd-environment-pr-209-41-vl7qx-1[0m stage [32mfrom-build-pack[0m and container [32mstep-working-dir-initializer-lbbf8[0m
{"level":"info","ts":1587812749.3619006,"logger":"fallback-logger","caller":"logging/config.go:69","msg":"Fetch GitHub commit ID from kodata failed: open /var/run/ko/HEAD: no such file or directory"}
{"level":"info","ts":1587812749.3639035,"logger":"fallback-logger","caller":"bash/main.go:64","msg":"Successfully executed command \"sh -c mkdir -p /workspace/source\"; output "}

Showing logs for build [32mcb-kubecd-environment-pr-209-41-vl7qx-1[0m stage [32mfrom-build-pack[0m and container [32mstep-place-tools[0m

Showing logs for build [32mcb-kubecd-environment-pr-209-41-vl7qx-1[0m stage [32mfrom-build-pack[0m and container [32mstep-git-source-cb-kubecd-environment-pr-209-41-vl7qx-v54dp[0m
{"level":"info","ts":1587812752.5438988,"logger":"fallback-logger","caller":"logging/config.go:69","msg":"Fetch GitHub commit ID from kodata failed: open /var/run/ko/refs/heads/0.8.0-ns-support: no such file or directory"}
{"level":"info","ts":1587812753.5945804,"logger":"fallback-logger","caller":"git/git.go:103","msg":"Successfully cloned https://github.com/cb-kubecd/environment-pr-209-41-boot-gke-production.git @ master in path /workspace/source"}

Showing logs for build [32mcb-kubecd-environment-pr-209-41-vl7qx-1[0m stage [32mfrom-build-pack[0m and container [32mstep-git-merge[0m
Using SHAs from PULL_REFS=master:02464c2b712d1e54cd4bf27bb1a3e3d592363c8d,1:f6ac1cc7b2cea5e8616c40df0855d28e0851f189
DEBUG: LC_ALL=C JX_LOG_LEVEL=error git fetch origin --unshallow f6ac1cc7b2cea5e8616c40df0855d28e0851f189: 02464c2b712d1e54cd4bf27bb1a3e3d592363c8d:
DEBUG: ran git fetch --unshallow origin f6ac1cc7b2cea5e8616c40df0855d28e0851f189: 02464c2b712d1e54cd4bf27bb1a3e3d592363c8d: in 
DEBUG: LC_ALL=C JX_LOG_LEVEL=error git branch
DEBUG: JX_LOG_LEVEL=error LC_ALL=C git checkout master
DEBUG: ran git checkout master in 
DEBUG: JX_LOG_LEVEL=error LC_ALL=C git reset --hard 02464c2b712d1e54cd4bf27bb1a3e3d592363c8d
DEBUG: ran git reset --hard 02464c2b712d1e54cd4bf27bb1a3e3d592363c8d in 
DEBUG: JX_LOG_LEVEL=error LC_ALL=C git clean -fd .
DEBUG: ran clean --force -d . in 
DEBUG: LC_ALL=C JX_LOG_LEVEL=error git merge f6ac1cc7b2cea5e8616c40df0855d28e0851f189
DEBUG: ran git merge f6ac1cc7b2cea5e8616c40df0855d28e0851f189 in 
DEBUG: LC_ALL=C JX_LOG_LEVEL=error git log --format=%H%x1f%an%x1f%ae%x1f%cn%x1f%ce%x1f%s%n%b%x1e 02464c2b712d1e54cd4bf27bb1a3e3d592363c8d..HEAD
Merged SHA f6ac1cc7b2cea5e8616c40df0855d28e0851f189 with commit message 'chore: Promote bdd-spring-1587811836 to version 0.0.1' into base branch master

Showing logs for build [32mcb-kubecd-environment-pr-209-41-vl7qx-1[0m stage [32mfrom-build-pack[0m and container [32mstep-build-helm-build[0m
WARNING: No $CHART_REPOSITORY defined so using the default value of: http://jenkins-x-chartmuseum:8080
Adding missing Helm repo: storage.googleapis.com https://storage.googleapis.com/chartmuseum.jenkins-x.io
WARNING: No secrets found on "helm/repos" due: reading the secret "helm/repos" from vault: no secret "helm/repos" not found in vault
Read credentials for https://storage.googleapis.com/chartmuseum.jenkins-x.io from vault helm/repos
Successfully added Helm repository storage.googleapis.com.
Adding missing Helm repo: jenkins-x-chartmuseum http://jenkins-x-chartmuseum:8080
WARNING: No secrets found on "helm/repos" due: reading the secret "helm/repos" from vault: no secret "helm/repos" not found in vault
Read credentials for http://jenkins-x-chartmuseum:8080 from vault helm/repos
Successfully added Helm repository jenkins-x-chartmuseum.
WARNING: No $CHART_REPOSITORY defined so using the default value of: http://jenkins-x-chartmuseum:8080
Adding missing Helm repo: chartmuseum.jenkins-x.io http://chartmuseum.jenkins-x.io
WARNING: No secrets found on "helm/repos" due: reading the secret "helm/repos" from vault: no secret "helm/repos" not found in vault
Read credentials for http://chartmuseum.jenkins-x.io from vault helm/repos
Successfully added Helm repository chartmuseum.jenkins-x.io.
